<?xml version="1.0" encoding="UTF-8"?>
<!-- Generated by org.testng.reporters.JUnitReportReporter -->
<testsuite hostname="DESKTOP-4895GAU" failures="0" tests="1" name="JTAS.WebAutomation.BaseTest" time="17.585" errors="0" timestamp="2024-09-11T17:13:26 GMT-05:00" skipped="0">
  <testcase classname="JTAS.WebAutomation.BaseTest" name="launchBrowser" time="17.585"/>
  <system-out/>
</testsuite> <!-- JTAS.WebAutomation.BaseTest -->
