<?xml version="1.0" encoding="UTF-8"?>
<!-- Generated by org.testng.reporters.JUnitReportReporter -->
<testsuite hostname="DESKTOP-4895GAU" failures="0" tests="2" name="JTAS.WebAutomation.SubmitOrder" time="30.735" errors="0" timestamp="2024-10-16T11:57:51 GMT-05:00" skipped="0">
  <testcase classname="JTAS.WebAutomation.SubmitOrder" name="submitOrder" time="22.702"/>
  <system-out/>
  <testcase classname="JTAS.WebAutomation.SubmitOrder" name="verifyOrdersHistory" time="8.033"/>
  <system-out/>
</testsuite> <!-- JTAS.WebAutomation.SubmitOrder -->
