<?xml version="1.0" encoding="UTF-8"?>
<!-- Generated by org.testng.reporters.JUnitReportReporter -->
<testsuite hostname="DESKTOP-4895GAU" failures="0" tests="1" name="JTAS.WebAutomation.SubmitOrder" time="27.976" errors="0" timestamp="2024-12-05T21:58:22 GMT-06:00" skipped="0">
  <testcase classname="JTAS.WebAutomation.SubmitOrder" name="submitOrder" time="27.976"/>
</testsuite> <!-- JTAS.WebAutomation.SubmitOrder -->
