<?xml version="1.0" encoding="UTF-8"?>
<!-- Generated by org.testng.reporters.JUnitReportReporter -->
<testsuite hostname="DESKTOP-4895GAU" failures="0" tests="2" name="JTAS.WebAutomation.SubmitOrder" time="32.647" errors="0" timestamp="2024-10-31T10:50:08 GMT-05:00" skipped="0">
  <testcase classname="JTAS.WebAutomation.SubmitOrder" name="verifyOrdersHistory" time="11.338"/>
  <system-out/>
  <testcase classname="JTAS.WebAutomation.SubmitOrder" name="submitOrder" time="21.309"/>
  <system-out/>
</testsuite> <!-- JTAS.WebAutomation.SubmitOrder -->
